<?xml version="1.0" encoding="UTF-8"?>
<!-- Generated by org.testng.reporters.JUnitReportReporter -->
<testsuite skipped="0" hostname="DESKTOP-GMM823K" name="zoho.CustomerOperations" tests="1" failures="0" timestamp="2020-06-12T17:58:56 IST" time="12.662" errors="0">
  <testcase name="CustomerActions" time="12.662" classname="zoho.CustomerOperations"/>
</testsuite> <!-- zoho.CustomerOperations -->
